C:/#Work/#Projects/#Severnaya/#SLIYANIE#/#20171216_Itog/#20171215_Itog/Design/AT_TGE_SPT943_ARCHIVE.int(28): warning: unused local variable 'k'; consider removing or replacing with '_'
C:/#Work/#Projects/#Severnaya/#SLIYANIE#/#20171216_Itog/#20171215_Itog/Design/AT_TGE_SPT943_ARCHIVE.int(50): warning: first assignment to global variable 'tHeat'
C:/#Work/#Projects/#Severnaya/#SLIYANIE#/#20171216_Itog/#20171215_Itog/Design/AT_TGE_SPT943_ARCHIVE.int(122): warning: first assignment to global variable 'str'
C:/#Work/#Projects/#Severnaya/#SLIYANIE#/#20171216_Itog/#20171215_Itog/Design/AT_TGE_SPT943_ARCHIVE.int(124): warning: first assignment to global variable 'yearStart'
C:/#Work/#Projects/#Severnaya/#SLIYANIE#/#20171216_Itog/#20171215_Itog/Design/AT_TGE_SPT943_ARCHIVE.int(125): warning: first assignment to global variable 'strYearStart'
C:/#Work/#Projects/#Severnaya/#SLIYANIE#/#20171216_Itog/#20171215_Itog/Design/AT_TGE_SPT943_ARCHIVE.int(128): warning: first assignment to global variable 'pos'
C:/#Work/#Projects/#Severnaya/#SLIYANIE#/#20171216_Itog/#20171215_Itog/Design/AT_TGE_SPT943_ARCHIVE.int(130): warning: unused local variable 'i'; consider removing or replacing with '_'
C:/#Work/#Projects/#Severnaya/#SLIYANIE#/#20171216_Itog/#20171215_Itog/Design/AT_TGE_SPT943_ARCHIVE.int(140): warning: first assignment to global variable 'yearEnd'
C:/#Work/#Projects/#Severnaya/#SLIYANIE#/#20171216_Itog/#20171215_Itog/Design/AT_TGE_SPT943_ARCHIVE.int(141): warning: first assignment to global variable 'strYearEnd'
C:/#Work/#Projects/#Severnaya/#SLIYANIE#/#20171216_Itog/#20171215_Itog/Design/AT_TGE_SPT943_ARCHIVE.int(151): warning: first assignment to global variable 'strEndDeteArch'
C:/#Work/#Projects/#Severnaya/#SLIYANIE#/#20171216_Itog/#20171215_Itog/Design/AT_TGE_SPT943_ARCHIVE.int(473): warning: first assignment to global variable 'y'
C:/#Work/#Projects/#Severnaya/#SLIYANIE#/#20171216_Itog/#20171215_Itog/Design/AT_TGE_SPT943_ARCHIVE.int(550): warning: first assignment to global variable 't'
C:/#Work/#Projects/#Severnaya/#SLIYANIE#/#20171216_Itog/#20171215_Itog/Design/AT_TGE_SPT943_ARCHIVE.int(558): warning: first assignment to global variable 'year'
C:/#Work/#Projects/#Severnaya/#SLIYANIE#/#20171216_Itog/#20171215_Itog/Design/AT_TGE_SPT943_ARCHIVE.int(623): warning: first use of unknown field 'IO_Field_Text' in 'Core.Heat.ind'
C:/#Work/#Projects/#Severnaya/#SLIYANIE#/#20171216_Itog/#20171215_Itog/Design/AT_TGE_SPT943_ARCHIVE.int(842): warning: unused local variable 'quarterDateStart'; consider removing or replacing with '_'
C:/#Work/#Projects/#Severnaya/#SLIYANIE#/#20171216_Itog/#20171215_Itog/Design/AT_TGE_SPT943_ARCHIVE.int(843): warning: unused local variable 'delta'; consider removing or replacing with '_'
C:/#Work/#Projects/#Severnaya/#SLIYANIE#/#20171216_Itog/#20171215_Itog/Design/AT_TGE_SPT943_ARCHIVE.int(848): warning: unused local variable 'yearStart'; consider removing or replacing with '_'
C:/#Work/#Projects/#Severnaya/#SLIYANIE#/#20171216_Itog/#20171215_Itog/Design/AT_TGE_SPT943_ARCHIVE.int(849): warning: unused local variable 'yearEnd'; consider removing or replacing with '_'
C:/#Work/#Projects/#Severnaya/#SLIYANIE#/#20171216_Itog/#20171215_Itog/Design/AT_TGE_SPT943_ARCHIVE.int(850): warning: unused local variable 'strYearStart'; consider removing or replacing with '_'
C:/#Work/#Projects/#Severnaya/#SLIYANIE#/#20171216_Itog/#20171215_Itog/Design/AT_TGE_SPT943_ARCHIVE.int(851): warning: unused local variable 'strYearEnd'; consider removing or replacing with '_'
C:/#Work/#Projects/#Severnaya/#SLIYANIE#/#20171216_Itog/#20171215_Itog/Design/AT_TGE_SPT943_ARCHIVE.int(854): warning: unused local variable 'strEndDeteArch'; consider removing or replacing with '_'
C:/#Work/#Projects/#Severnaya/#SLIYANIE#/#20171216_Itog/#20171215_Itog/Design/AT_TGE_SPT943_ARCHIVE.int(950): warning: unused local variable 's'; consider removing or replacing with '_'
C:/#Work/#Projects/#Severnaya/#SLIYANIE#/#20171216_Itog/#20171215_Itog/Design/AT_TGE_SPT943_ARCHIVE.int(1306): warning: unused local variable 'tHeat'; consider removing or replacing with '_'
C:/#Work/#Projects/#Severnaya/#SLIYANIE#/#20171216_Itog/#20171215_Itog/Design/AT_TGE_SPT943_ARCHIVE.int(1349): warning: unused local variable 'i'; consider removing or replacing with '_'
C:/#Work/#Projects/#Severnaya/#SLIYANIE#/#20171216_Itog/#20171215_Itog/Design/AT_TGE_SPT943_ARCHIVE.int(1415): warning: unused local variable 'i'; consider removing or replacing with '_'
