C:/#Work/#Projects/#Severnaya/#SLIYANIE#/#20171216_Itog/#20171215_Itog/Design/AT_TGE_SPT943_DRIVER.int(28): warning: local variable 'userStartDate' masks earlier declaration on line 27
C:/#Work/#Projects/#Severnaya/#SLIYANIE#/#20171216_Itog/#20171215_Itog/Design/AT_TGE_SPT943_DRIVER.int(32): warning: local variable 'userEndDate' masks earlier declaration on line 31
C:/#Work/#Projects/#Severnaya/#SLIYANIE#/#20171216_Itog/#20171215_Itog/Design/AT_TGE_SPT943_DRIVER.int(81): warning: unused parameter 'no' in function 'extractBit'
C:/#Work/#Projects/#Severnaya/#SLIYANIE#/#20171216_Itog/#20171215_Itog/Design/AT_TGE_SPT943_DRIVER.int(91): warning: first assignment to global variable 'sign'
C:/#Work/#Projects/#Severnaya/#SLIYANIE#/#20171216_Itog/#20171215_Itog/Design/AT_TGE_SPT943_DRIVER.int(96): warning: first assignment to global variable 'exponent'
C:/#Work/#Projects/#Severnaya/#SLIYANIE#/#20171216_Itog/#20171215_Itog/Design/AT_TGE_SPT943_DRIVER.int(99): warning: first assignment to global variable 'mantiss'
C:/#Work/#Projects/#Severnaya/#SLIYANIE#/#20171216_Itog/#20171215_Itog/Design/AT_TGE_SPT943_DRIVER.int(104): warning: first assignment to global variable 'float'
C:/#Work/#Projects/#Severnaya/#SLIYANIE#/#20171216_Itog/#20171215_Itog/Design/AT_TGE_SPT943_DRIVER.int(134): warning: first use of unknown field 'send'
C:/#Work/#Projects/#Severnaya/#SLIYANIE#/#20171216_Itog/#20171215_Itog/Design/AT_TGE_SPT943_DRIVER.int(158): warning: first use of unknown field 'recvBytesAvailable'
C:/#Work/#Projects/#Severnaya/#SLIYANIE#/#20171216_Itog/#20171215_Itog/Design/AT_TGE_SPT943_DRIVER.int(171): warning: first use of unknown field 'recv'
C:/#Work/#Projects/#Severnaya/#SLIYANIE#/#20171216_Itog/#20171215_Itog/Design/AT_TGE_SPT943_DRIVER.int(202): warning: unused local variable 'printCsOk'; consider removing or replacing with '_'
C:/#Work/#Projects/#Severnaya/#SLIYANIE#/#20171216_Itog/#20171215_Itog/Design/AT_TGE_SPT943_DRIVER.int(204): warning: unused local variable 'printCalcCS'; consider removing or replacing with '_'
C:/#Work/#Projects/#Severnaya/#SLIYANIE#/#20171216_Itog/#20171215_Itog/Design/AT_TGE_SPT943_DRIVER.int(205): warning: unused local variable 'printRespCS'; consider removing or replacing with '_'
C:/#Work/#Projects/#Severnaya/#SLIYANIE#/#20171216_Itog/#20171215_Itog/Design/AT_TGE_SPT943_DRIVER.int(323): warning: unused local variable 'printCRCOk'; consider removing or replacing with '_'
C:/#Work/#Projects/#Severnaya/#SLIYANIE#/#20171216_Itog/#20171215_Itog/Design/AT_TGE_SPT943_DRIVER.int(325): warning: unused local variable 'printCalcCRC'; consider removing or replacing with '_'
C:/#Work/#Projects/#Severnaya/#SLIYANIE#/#20171216_Itog/#20171215_Itog/Design/AT_TGE_SPT943_DRIVER.int(326): warning: unused local variable 'printRespCRC'; consider removing or replacing with '_'
C:/#Work/#Projects/#Severnaya/#SLIYANIE#/#20171216_Itog/#20171215_Itog/Design/AT_TGE_SPT943_DRIVER.int(330): warning: unused local variable 'cutPacket'; consider removing or replacing with '_'
C:/#Work/#Projects/#Severnaya/#SLIYANIE#/#20171216_Itog/#20171215_Itog/Design/AT_TGE_SPT943_DRIVER.int(356): warning: unused local variable 'j'; consider removing or replacing with '_'
C:/#Work/#Projects/#Severnaya/#SLIYANIE#/#20171216_Itog/#20171215_Itog/Design/AT_TGE_SPT943_DRIVER.int(402): warning: unused local variable 'J'; consider removing or replacing with '_'
C:/#Work/#Projects/#Severnaya/#SLIYANIE#/#20171216_Itog/#20171215_Itog/Design/AT_TGE_SPT943_DRIVER.int(442): warning: unused local variable 'strH'; consider removing or replacing with '_'
C:/#Work/#Projects/#Severnaya/#SLIYANIE#/#20171216_Itog/#20171215_Itog/Design/AT_TGE_SPT943_DRIVER.int(461): warning: first use of unknown field 'year' in 't'
C:/#Work/#Projects/#Severnaya/#SLIYANIE#/#20171216_Itog/#20171215_Itog/Design/AT_TGE_SPT943_DRIVER.int(462): warning: first use of unknown field 'month' in 't'
C:/#Work/#Projects/#Severnaya/#SLIYANIE#/#20171216_Itog/#20171215_Itog/Design/AT_TGE_SPT943_DRIVER.int(465): warning: first use of unknown field 'write'
C:/#Work/#Projects/#Severnaya/#SLIYANIE#/#20171216_Itog/#20171215_Itog/Design/AT_TGE_SPT943_DRIVER.int(491): warning: first use of unknown field 'day' in 't'
C:/#Work/#Projects/#Severnaya/#SLIYANIE#/#20171216_Itog/#20171215_Itog/Design/AT_TGE_SPT943_DRIVER.int(524): warning: first use of unknown field 'hour' in 't'
C:/#Work/#Projects/#Severnaya/#SLIYANIE#/#20171216_Itog/#20171215_Itog/Design/AT_TGE_SPT943_DRIVER.int(555): warning: first use of unknown global variable 'packet'
C:/#Work/#Projects/#Severnaya/#SLIYANIE#/#20171216_Itog/#20171215_Itog/Design/AT_TGE_SPT943_DRIVER.int(705): warning: unused local variable 'byte3'; consider removing or replacing with '_'
C:/#Work/#Projects/#Severnaya/#SLIYANIE#/#20171216_Itog/#20171215_Itog/Design/AT_TGE_SPT943_DRIVER.int(717): warning: local variable 'byte3' masks earlier declaration on line 705
C:/#Work/#Projects/#Severnaya/#SLIYANIE#/#20171216_Itog/#20171215_Itog/Design/AT_TGE_SPT943_DRIVER.int(754): warning: first use of unknown field 'clearBuffers'
C:/#Work/#Projects/#Severnaya/#SLIYANIE#/#20171216_Itog/#20171215_Itog/Design/AT_TGE_SPT943_DRIVER.int(755): warning: first use of unknown field 'close'
C:/#Work/#Projects/#Severnaya/#SLIYANIE#/#20171216_Itog/#20171215_Itog/Design/AT_TGE_SPT943_DRIVER.int(788): warning: first use of unknown global variable 'c'
C:/#Work/#Projects/#Severnaya/#SLIYANIE#/#20171216_Itog/#20171215_Itog/Design/AT_TGE_SPT943_DRIVER.int(992): warning: first assignment to global variable 'startYY'
C:/#Work/#Projects/#Severnaya/#SLIYANIE#/#20171216_Itog/#20171215_Itog/Design/AT_TGE_SPT943_DRIVER.int(993): warning: first assignment to global variable 'startMH'
C:/#Work/#Projects/#Severnaya/#SLIYANIE#/#20171216_Itog/#20171215_Itog/Design/AT_TGE_SPT943_DRIVER.int(1001): warning: first assignment to global variable 'endYY'
C:/#Work/#Projects/#Severnaya/#SLIYANIE#/#20171216_Itog/#20171215_Itog/Design/AT_TGE_SPT943_DRIVER.int(1002): warning: first assignment to global variable 'endMH'
C:/#Work/#Projects/#Severnaya/#SLIYANIE#/#20171216_Itog/#20171215_Itog/Design/AT_TGE_SPT943_DRIVER.int(1099): warning: first use of unknown field 'setvbuf'
C:/#Work/#Projects/#Severnaya/#SLIYANIE#/#20171216_Itog/#20171215_Itog/Design/AT_TGE_SPT943_DRIVER.int(1219): warning: first use of unknown field 'flush'
C:/#Work/#Projects/#Severnaya/#SLIYANIE#/#20171216_Itog/#20171215_Itog/Design/AT_TGE_SPT943_DRIVER.int(1669): warning: first use of unknown global variable 'ch'
C:/#Work/#Projects/#Severnaya/#SLIYANIE#/#20171216_Itog/#20171215_Itog/Design/AT_TGE_SPT943_DRIVER.int(1840): warning: first use of unknown global variable 'q'
